<?xml version="1.0" encoding="UTF-8"?>
<testng-results skipped="0" failed="0" ignored="0" total="1" passed="1">
  <reporter-output>
  </reporter-output>
  <suite name="Default suite" duration-ms="2791" started-at="2023-07-07T18:28:16Z" finished-at="2023-07-07T18:28:19Z">
    <groups>
    </groups>
    <test name="Default test" duration-ms="2791" started-at="2023-07-07T18:28:16Z" finished-at="2023-07-07T18:28:19Z">
      <class name="RestAssuredTest.Demo1_GET_Request">
        <test-method status="PASS" signature="page2Details()[pri:0, instance:RestAssuredTest.Demo1_GET_Request@5e5792a0]" name="page2Details" duration-ms="2764" started-at="2023-07-07T18:28:16Z" finished-at="2023-07-07T18:28:19Z">
          <reporter-output>
          </reporter-output>
        </test-method> <!-- page2Details -->
      </class> <!-- RestAssuredTest.Demo1_GET_Request -->
    </test> <!-- Default test -->
  </suite> <!-- Default suite -->
</testng-results>
